<?xml version="1.0" encoding="UTF-8"?>
<robot generator="Robot 3.1.2 (Python 3.7.2 on darwin)" generated="20200316 22:07:57.496" rpa="false">
<suite id="s1" name="Test" source="/Users/cq/Django/mysite/HelloWorld/Test/robotfromwork/test/test.robot">
<test id="s1-t1" name="测试1">
<kw name="Log To Console" library="BuiltIn" type="setup">
<doc>Logs the given message to the console.</doc>
<arguments>
<arg>\n</arg>
<arg>*** 我是开始 ***</arg>
</arguments>
<status status="PASS" starttime="20200316 22:07:57.684" endtime="20200316 22:07:57.685"></status>
</kw>
<kw name="Log To Console" library="BuiltIn">
<doc>Logs the given message to the console.</doc>
<arguments>
<arg>chengqian</arg>
</arguments>
<status status="PASS" starttime="20200316 22:07:57.685" endtime="20200316 22:07:57.685"></status>
</kw>
<kw name="Log To Console" library="BuiltIn" type="teardown">
<doc>Logs the given message to the console.</doc>
<arguments>
<arg>\n</arg>
<arg>*** 我是结束 ***</arg>
</arguments>
<status status="PASS" starttime="20200316 22:07:57.685" endtime="20200316 22:07:57.685"></status>
</kw>
<doc>测试初始化 清除</doc>
<status status="PASS" starttime="20200316 22:07:57.683" endtime="20200316 22:07:57.685" critical="yes"></status>
</test>
<test id="s1-t2" name="测试2">
<kw name="Log To Console" library="BuiltIn">
<doc>Logs the given message to the console.</doc>
<arguments>
<arg>我就是我</arg>
</arguments>
<status status="PASS" starttime="20200316 22:07:57.686" endtime="20200316 22:07:57.686"></status>
</kw>
<status status="PASS" starttime="20200316 22:07:57.686" endtime="20200316 22:07:57.686" critical="yes"></status>
</test>
<status status="PASS" starttime="20200316 22:07:57.498" endtime="20200316 22:07:57.686"></status>
</suite>
<statistics>
<total>
<stat pass="2" fail="0">Critical Tests</stat>
<stat pass="2" fail="0">All Tests</stat>
</total>
<tag>
</tag>
<suite>
<stat pass="2" fail="0" id="s1" name="Test">Test</stat>
</suite>
</statistics>
<errors>
</errors>
</robot>
